<?xml version="1.0" encoding="UTF-8"?>
<!-- Generated by org.testng.reporters.JUnitReportReporter -->
<testsuite skipped="0" hostname="MacBook-Pro-Macbook.local" name="by.besk.exmarkets_tests.UserCanLogin" tests="1" failures="0" timestamp="31 Jul 2018 08:24:49 GMT" time="8.469" errors="0">
  <testcase name="userCanLogin" time="8.469" classname="by.besk.exmarkets_tests.UserCanLogin"/>
</testsuite> <!-- by.besk.exmarkets_tests.UserCanLogin -->
