<?xml version="1.0" encoding="UTF-8"?>
<!-- Generated by org.testng.reporters.JUnitReportReporter -->
<testsuite skipped="0" hostname="MacBook-Pro-Macbook.local" name="by.besk.exmarkets_tests.UserCanCreateAnOrder" tests="1" failures="0" timestamp="31 Jul 2018 15:28:21 GMT" time="11.046" errors="0">
  <testcase name="userCanLogin" time="11.046" classname="by.besk.exmarkets_tests.UserCanCreateAnOrder"/>
</testsuite> <!-- by.besk.exmarkets_tests.UserCanCreateAnOrder -->
